0 info it worked if it ends with ok
1 verbose cli [ '/usr/local/bin/node', '/usr/local/bin/npm', 'start' ]
2 info using npm@3.10.3
3 info using node@v6.6.0
4 verbose run-script [ 'prestart', 'start', 'poststart' ]
5 info lifecycle website-using-express@0.0.1~prestart: website-using-express@0.0.1
6 silly lifecycle website-using-express@0.0.1~prestart: no script for prestart, continuing
7 info lifecycle website-using-express@0.0.1~start: website-using-express@0.0.1
8 verbose lifecycle website-using-express@0.0.1~start: unsafe-perm in lifecycle true
9 verbose lifecycle website-using-express@0.0.1~start: PATH: /usr/local/lib/node_modules/npm/bin/node-gyp-bin:/Users/Developer/Portfolio/node_modules/.bin:/usr/local/bin:/usr/bin:/bin:/usr/sbin:/sbin:/usr/local/bin:/Applications/Postgres.app/Contents/Versions/latest/bin:/Applications/adt-bundle-mac-x86_64-20140321/sdk/tools:/Applications/adt-bundle-mac-x86_64-20140321/sdk/platform-tools:/Users/Developer/bin
10 verbose lifecycle website-using-express@0.0.1~start: CWD: /Users/Developer/Portfolio
11 silly lifecycle website-using-express@0.0.1~start: Args: [ '-c', 'node Server.js' ]
12 silly lifecycle website-using-express@0.0.1~start: Returned: code: 1  signal: null
13 info lifecycle website-using-express@0.0.1~start: Failed to exec start script
14 verbose stack Error: website-using-express@0.0.1 start: `node Server.js`
14 verbose stack Exit status 1
14 verbose stack     at EventEmitter.<anonymous> (/usr/local/lib/node_modules/npm/lib/utils/lifecycle.js:242:16)
14 verbose stack     at emitTwo (events.js:106:13)
14 verbose stack     at EventEmitter.emit (events.js:191:7)
14 verbose stack     at ChildProcess.<anonymous> (/usr/local/lib/node_modules/npm/lib/utils/spawn.js:40:14)
14 verbose stack     at emitTwo (events.js:106:13)
14 verbose stack     at ChildProcess.emit (events.js:191:7)
14 verbose stack     at maybeClose (internal/child_process.js:877:16)
14 verbose stack     at Process.ChildProcess._handle.onexit (internal/child_process.js:226:5)
15 verbose pkgid website-using-express@0.0.1
16 verbose cwd /Users/Developer/Portfolio
17 error Darwin 16.1.0
18 error argv "/usr/local/bin/node" "/usr/local/bin/npm" "start"
19 error node v6.6.0
20 error npm  v3.10.3
21 error code ELIFECYCLE
22 error website-using-express@0.0.1 start: `node Server.js`
22 error Exit status 1
23 error Failed at the website-using-express@0.0.1 start script 'node Server.js'.
23 error Make sure you have the latest version of node.js and npm installed.
23 error If you do, this is most likely a problem with the website-using-express package,
23 error not with npm itself.
23 error Tell the author that this fails on your system:
23 error     node Server.js
23 error You can get information on how to open an issue for this project with:
23 error     npm bugs website-using-express
23 error Or if that isn't available, you can get their info via:
23 error     npm owner ls website-using-express
23 error There is likely additional logging output above.
24 verbose exit [ 1, true ]
